{"/Users/user/Desktop/BaseCamp/src/components/StyledText.tsx": {"path":"/Users/user/Desktop/BaseCamp/src/components/StyledText.tsx","statementMap":{"0":{"start":{"line":6,"column":2},"end":{"line":6,"column":81}}},"fnMap":{"0":{"name":"MonoText","decl":{"start":{"line":5,"column":16},"end":{"line":5,"column":24}},"loc":{"start":{"line":5,"column":43},"end":{"line":7,"column":1}},"line":5}},"branchMap":{},"s":{"0":1},"f":{"0":1},"b":{},"_coverageSchema":"1a1c01bbd47fc00a2c39e90264f33305004495a9","hash":"24482d6303d468a539232fef453539b55ccf197a"}
,"/Users/user/Desktop/BaseCamp/src/components/Themed.tsx": {"path":"/Users/user/Desktop/BaseCamp/src/components/Themed.tsx","statementMap":{"0":{"start":{"line":16,"column":16},"end":{"line":16,"column":32}},"1":{"start":{"line":17,"column":25},"end":{"line":17,"column":37}},"2":{"start":{"line":19,"column":2},"end":{"line":23,"column":3}},"3":{"start":{"line":20,"column":4},"end":{"line":20,"column":26}},"4":{"start":{"line":22,"column":4},"end":{"line":22,"column":36}},"5":{"start":{"line":35,"column":58},"end":{"line":35,"column":63}},"6":{"start":{"line":36,"column":16},"end":{"line":36,"column":77}},"7":{"start":{"line":38,"column":2},"end":{"line":38,"column":68}},"8":{"start":{"line":42,"column":58},"end":{"line":42,"column":63}},"9":{"start":{"line":43,"column":26},"end":{"line":43,"column":93}},"10":{"start":{"line":45,"column":2},"end":{"line":45,"column":78}}},"fnMap":{"0":{"name":"useThemeColor","decl":{"start":{"line":12,"column":16},"end":{"line":12,"column":29}},"loc":{"start":{"line":15,"column":2},"end":{"line":24,"column":1}},"line":15},"1":{"name":"Text","decl":{"start":{"line":34,"column":16},"end":{"line":34,"column":20}},"loc":{"start":{"line":34,"column":39},"end":{"line":39,"column":1}},"line":34},"2":{"name":"View","decl":{"start":{"line":41,"column":16},"end":{"line":41,"column":20}},"loc":{"start":{"line":41,"column":39},"end":{"line":46,"column":1}},"line":41}},"branchMap":{"0":{"loc":{"start":{"line":19,"column":2},"end":{"line":23,"column":3}},"type":"if","locations":[{"start":{"line":19,"column":2},"end":{"line":23,"column":3}},{"start":{"line":21,"column":9},"end":{"line":23,"column":3}}],"line":19}},"s":{"0":1,"1":1,"2":1,"3":0,"4":1,"5":1,"6":1,"7":1,"8":0,"9":0,"10":0},"f":{"0":1,"1":1,"2":0},"b":{"0":[0,1]},"_coverageSchema":"1a1c01bbd47fc00a2c39e90264f33305004495a9","hash":"34c34f453ad4a2d6140de7865dd6d9bc59568b7c"}
,"/Users/user/Desktop/BaseCamp/src/constants/Colors.ts": {"path":"/Users/user/Desktop/BaseCamp/src/constants/Colors.ts","statementMap":{"0":{"start":{"line":1,"column":23},"end":{"line":1,"column":32}},"1":{"start":{"line":2,"column":22},"end":{"line":2,"column":28}},"2":{"start":{"line":3,"column":14},"end":{"line":3,"column":21}}},"fnMap":{},"branchMap":{},"s":{"0":1,"1":1,"2":1},"f":{},"b":{},"_coverageSchema":"1a1c01bbd47fc00a2c39e90264f33305004495a9","hash":"52e2ebc0eb75ad27a880f762987c281073e7bf62"}
,"/Users/user/Desktop/BaseCamp/src/hooks/useColorScheme.ts": {"path":"/Users/user/Desktop/BaseCamp/src/hooks/useColorScheme.ts","statementMap":{"0":{"start":{"line":7,"column":2},"end":{"line":7,"column":59}}},"fnMap":{"0":{"name":"useColorScheme","decl":{"start":{"line":6,"column":24},"end":{"line":6,"column":38}},"loc":{"start":{"line":6,"column":71},"end":{"line":8,"column":1}},"line":6}},"branchMap":{},"s":{"0":1},"f":{"0":1},"b":{},"_coverageSchema":"1a1c01bbd47fc00a2c39e90264f33305004495a9","hash":"a0ca289d3a0f5e5360b332a5d8322f6c7627bcab"}
}
